[2025-04-02 21:06:47] [worker-is] Admin_Pages initialized.
[2025-04-02 21:06:47] [worker-is] User_Pages initialized.
[2025-04-02 21:07:42] [worker-is] Admin_Pages initialized.
[2025-04-02 21:07:42] [worker-is] User_Pages initialized.
[2025-04-02 21:08:35] [worker-is] Admin_Pages initialized.
[2025-04-02 21:08:35] [worker-is] User_Pages initialized.
[2025-04-02 21:08:42] [worker-is] Admin_Pages initialized.
[2025-04-02 21:08:42] [worker-is] User_Pages initialized.
[2025-04-02 21:09:36] [worker-is] Admin_Pages initialized.
[2025-04-02 21:09:36] [worker-is] User_Pages initialized.
[2025-04-02 21:09:42] [worker-is] Admin_Pages initialized.
[2025-04-02 21:09:42] [worker-is] User_Pages initialized.
[2025-04-02 21:11:37] [worker-is] Admin_Pages initialized.
[2025-04-02 21:11:37] [worker-is] User_Pages initialized.
[2025-04-02 21:11:42] [worker-is] Admin_Pages initialized.
[2025-04-02 21:11:42] [worker-is] User_Pages initialized.
[2025-04-02 21:13:38] [worker-is] Admin_Pages initialized.
[2025-04-02 21:13:38] [worker-is] User_Pages initialized.
[2025-04-02 21:13:39] [worker-is] Admin_Pages initialized.
[2025-04-02 21:13:39] [worker-is] User_Pages initialized.
[2025-04-02 21:18:35] [worker-is] Admin_Pages initialized.
[2025-04-02 21:18:35] [worker-is] User_Pages initialized.
[2025-04-02 21:18:35] [worker-is] Admin pages added.
[2025-04-02 21:18:35] [worker-is] User pages added.
[2025-04-02 21:18:35] [worker-is] Interactive Form Builder page rendered.
[2025-04-02 21:18:40] [worker-is] Admin_Pages initialized.
[2025-04-02 21:18:40] [worker-is] User_Pages initialized.
[2025-04-02 21:18:41] [worker-is] Admin_Pages initialized.
[2025-04-02 21:18:41] [worker-is] User_Pages initialized.
[2025-04-02 21:18:41] [worker-is] Admin pages added.
[2025-04-02 21:18:41] [worker-is] User pages added.
[2025-04-02 21:19:08] [worker-is] Admin_Pages initialized.
[2025-04-02 21:19:08] [worker-is] User_Pages initialized.
[2025-04-02 21:19:08] [worker-is] Admin pages added.
[2025-04-02 21:19:08] [worker-is] User pages added.
[2025-04-02 21:19:08] [worker-is] Interactive Form Builder page rendered.
[2025-04-02 21:19:11] [worker-is] Admin_Pages initialized.
[2025-04-02 21:19:11] [worker-is] User_Pages initialized.
[2025-04-02 21:19:11] [worker-is] Admin pages added.
[2025-04-02 21:19:11] [worker-is] User pages added.
[2025-04-02 21:19:40] [worker-is] Admin_Pages initialized.
[2025-04-02 21:19:40] [worker-is] User_Pages initialized.
[2025-04-02 21:19:41] [worker-is] Admin pages added.
[2025-04-02 21:19:41] [worker-is] User pages added.
[2025-04-02 21:19:41] [worker-is] Interactive Form Builder page rendered.
[2025-04-02 21:19:43] [worker-is] Admin_Pages initialized.
[2025-04-02 21:19:43] [worker-is] User_Pages initialized.
[2025-04-02 21:19:43] [worker-is] Admin_Pages initialized.
[2025-04-02 21:19:43] [worker-is] User_Pages initialized.
[2025-04-02 21:19:43] [worker-is] Admin pages added.
[2025-04-02 21:19:43] [worker-is] User pages added.
[2025-04-02 21:19:55] [worker-is] Admin_Pages initialized.
[2025-04-02 21:19:55] [worker-is] User_Pages initialized.
[2025-04-02 21:19:55] [worker-is] Admin pages added.
[2025-04-02 21:19:55] [worker-is] User pages added.
[2025-04-02 21:20:02] [worker-is] Admin_Pages initialized.
[2025-04-02 21:20:02] [worker-is] User_Pages initialized.
[2025-04-02 21:20:03] [worker-is] Admin pages added.
[2025-04-02 21:20:03] [worker-is] User pages added.
[2025-04-02 21:20:56] [worker-is] Admin_Pages initialized.
[2025-04-02 21:20:56] [worker-is] User_Pages initialized.
[2025-04-02 21:21:05] [worker-is] Admin_Pages initialized.
[2025-04-02 21:21:05] [worker-is] User_Pages initialized.
[2025-04-02 21:22:57] [worker-is] Admin_Pages initialized.
[2025-04-02 21:22:57] [worker-is] User_Pages initialized.
[2025-04-02 21:23:05] [worker-is] Admin_Pages initialized.
[2025-04-02 21:23:05] [worker-is] User_Pages initialized.
[2025-04-02 21:24:58] [worker-is] Admin_Pages initialized.
[2025-04-02 21:24:58] [worker-is] User_Pages initialized.
[2025-04-02 21:25:05] [worker-is] Admin_Pages initialized.
[2025-04-02 21:25:05] [worker-is] User_Pages initialized.
[2025-04-02 21:26:59] [worker-is] Admin_Pages initialized.
[2025-04-02 21:26:59] [worker-is] User_Pages initialized.
[2025-04-02 21:27:05] [worker-is] Admin_Pages initialized.
[2025-04-02 21:27:05] [worker-is] User_Pages initialized.
[2025-04-02 21:28:10] [worker-is] Admin_Pages initialized.
[2025-04-02 21:28:10] [worker-is] User_Pages initialized.
[2025-04-02 21:28:12] [worker-is] Admin_Pages initialized.
[2025-04-02 21:28:12] [worker-is] User_Pages initialized.
[2025-04-02 21:29:10] [worker-is] Admin_Pages initialized.
[2025-04-02 21:29:10] [worker-is] User_Pages initialized.
[2025-04-02 21:30:13] [worker-is] Admin_Pages initialized.
[2025-04-02 21:30:13] [worker-is] User_Pages initialized.
[2025-04-02 21:31:10] [worker-is] Admin_Pages initialized.
[2025-04-02 21:31:10] [worker-is] User_Pages initialized.
[2025-04-02 21:31:20] [worker-is] Admin_Pages initialized.
[2025-04-02 21:31:20] [worker-is] User_Pages initialized.
[2025-04-02 21:31:22] [worker-is] Admin_Pages initialized.
[2025-04-02 21:31:22] [worker-is] User_Pages initialized.
[2025-04-02 21:31:22] [worker-is] Admin pages added.
[2025-04-02 21:31:22] [worker-is] User pages added.
[2025-04-02 21:32:00] [worker-is] Admin_Pages initialized.
[2025-04-02 21:32:00] [worker-is] User_Pages initialized.
[2025-04-02 21:32:00] [worker-is] Admin pages added.
[2025-04-02 21:32:00] [worker-is] User pages added.
[2025-04-02 21:32:00] [worker-is] Profile created in DB | Data: {"profile_id":"67edacd0695cb0.98437924","worker_id":"RLL"}
[2025-04-02 21:32:00] [worker-is] Profil erstellt: 67edacd0695cb0.98437924 | Data: {"anonymous":[["Handwerk"]],"detailed":["adfa"]}
[2025-04-02 21:32:00] [worker-is] Kontaktdaten gespeichert für Profil-ID 67edacd0695cb0.98437924. | Data: {"name":"aaaaaaaa","email":"luda@gmx.com","telefon":"2222"}
[2025-04-02 21:32:14] [worker-is] Admin_Pages initialized.
[2025-04-02 21:32:14] [worker-is] User_Pages initialized.
[2025-04-02 21:32:16] [worker-is] Admin_Pages initialized.
[2025-04-02 21:32:16] [worker-is] User_Pages initialized.
[2025-04-02 21:32:38] [worker-is] Admin pages added.
[2025-04-02 21:32:38] [worker-is] User pages added.
[2025-04-02 21:32:38] [worker-is] Admin_Pages initialized.
[2025-04-02 21:32:38] [worker-is] User_Pages initialized.
[2025-04-02 21:32:39] [worker-is] Admin pages added.
[2025-04-02 21:32:39] [worker-is] User pages added.
[2025-04-02 21:32:45] [worker-is] Admin_Pages initialized.
[2025-04-02 21:32:45] [worker-is] User_Pages initialized.
[2025-04-02 21:32:45] [worker-is] Admin pages added.
[2025-04-02 21:32:45] [worker-is] User pages added.
[2025-04-02 21:33:02] [worker-is] Admin_Pages initialized.
[2025-04-02 21:33:02] [worker-is] User_Pages initialized.
[2025-04-02 21:33:46] [worker-is] Admin_Pages initialized.
[2025-04-02 21:33:46] [worker-is] User_Pages initialized.
[2025-04-02 21:34:48] [worker-is] Admin_Pages initialized.
[2025-04-02 21:34:48] [worker-is] User_Pages initialized.
[2025-04-02 21:35:03] [worker-is] Admin_Pages initialized.
[2025-04-02 21:35:03] [worker-is] User_Pages initialized.
[2025-04-02 21:36:48] [worker-is] Admin_Pages initialized.
[2025-04-02 21:36:48] [worker-is] User_Pages initialized.
[2025-04-02 21:37:04] [worker-is] Admin_Pages initialized.
[2025-04-02 21:37:04] [worker-is] User_Pages initialized.
[2025-04-02 21:38:48] [worker-is] Admin_Pages initialized.
[2025-04-02 21:38:48] [worker-is] User_Pages initialized.
[2025-04-02 21:39:05] [worker-is] Admin_Pages initialized.
[2025-04-02 21:39:05] [worker-is] User_Pages initialized.
[2025-04-02 21:40:48] [worker-is] Admin_Pages initialized.
[2025-04-02 21:40:48] [worker-is] User_Pages initialized.
[2025-04-02 21:41:06] [worker-is] Admin_Pages initialized.
[2025-04-02 21:41:06] [worker-is] User_Pages initialized.
[2025-04-02 21:42:48] [worker-is] Admin_Pages initialized.
[2025-04-02 21:42:48] [worker-is] User_Pages initialized.
[2025-04-02 21:43:07] [worker-is] Admin_Pages initialized.
[2025-04-02 21:43:07] [worker-is] User_Pages initialized.
[2025-04-02 21:43:08] [worker-is] Admin_Pages initialized.
[2025-04-02 21:43:08] [worker-is] User_Pages initialized.
[2025-04-02 21:43:08] [worker-is] Admin pages added.
[2025-04-02 21:43:08] [worker-is] User pages added.
[2025-04-02 21:44:09] [worker-is] Admin_Pages initialized.
[2025-04-02 21:44:09] [worker-is] User_Pages initialized.
[2025-04-02 21:44:23] [worker-is] Admin_Pages initialized.
[2025-04-02 21:44:23] [worker-is] User_Pages initialized.
[2025-04-02 21:45:09] [worker-is] Admin_Pages initialized.
[2025-04-02 21:45:09] [worker-is] User_Pages initialized.
[2025-04-02 21:46:23] [worker-is] Admin_Pages initialized.
[2025-04-02 21:46:23] [worker-is] User_Pages initialized.
[2025-04-02 21:47:09] [worker-is] Admin_Pages initialized.
[2025-04-02 21:47:09] [worker-is] User_Pages initialized.
[2025-04-02 21:48:24] [worker-is] Admin_Pages initialized.
[2025-04-02 21:48:24] [worker-is] User_Pages initialized.
[2025-04-02 21:49:05] [worker-is] Admin_Pages initialized.
[2025-04-02 21:49:05] [worker-is] User_Pages initialized.
[2025-04-02 21:50:05] [worker-is] Admin_Pages initialized.
[2025-04-02 21:50:05] [worker-is] User_Pages initialized.
[2025-04-02 21:50:25] [worker-is] Admin_Pages initialized.
[2025-04-02 21:50:25] [worker-is] User_Pages initialized.
[2025-04-02 21:52:05] [worker-is] Admin_Pages initialized.
[2025-04-02 21:52:05] [worker-is] User_Pages initialized.
[2025-04-02 21:52:26] [worker-is] Admin_Pages initialized.
[2025-04-02 21:52:26] [worker-is] User_Pages initialized.
[2025-04-02 21:52:45] [worker-is] Admin_Pages initialized.
[2025-04-02 21:52:45] [worker-is] User_Pages initialized.
[2025-04-02 21:52:45] [worker-is] Admin pages added.
[2025-04-02 21:52:45] [worker-is] User pages added.
[2025-04-02 21:53:01] [worker-is] Admin_Pages initialized.
[2025-04-02 21:53:01] [worker-is] User_Pages initialized.
[2025-04-02 21:53:02] [worker-is] Admin pages added.
[2025-04-02 21:53:02] [worker-is] User pages added.
[2025-04-02 21:53:18] [worker-is] Custom role worker_manager removed.
[2025-04-02 21:53:18] [worker-is] Plugin deactivated and custom roles removed.
[2025-04-02 21:53:47] [worker-is] Admin_Pages initialized.
[2025-04-02 21:53:47] [worker-is] Admin_Pages initialized.
[2025-04-02 21:53:47] [worker-is] User_Pages initialized.
[2025-04-02 21:53:47] [worker-is] User_Pages initialized.
[2025-04-02 21:54:01] [worker-is] Admin pages added.
[2025-04-02 21:54:01] [worker-is] User pages added.
[2025-04-02 21:54:01] [worker-is] Admin_Pages initialized.
[2025-04-02 21:54:01] [worker-is] User_Pages initialized.
[2025-04-02 21:54:01] [worker-is] Admin_Pages initialized.
[2025-04-02 21:54:01] [worker-is] User_Pages initialized.
[2025-04-02 21:54:01] [worker-is] Admin pages added.
[2025-04-02 21:54:01] [worker-is] User pages added.
[2025-04-02 21:54:01] [worker-is] Admin pages added.
[2025-04-02 21:54:01] [worker-is] User pages added.
[2025-04-02 21:54:06] [worker-is] Admin_Pages initialized.
[2025-04-02 21:54:06] [worker-is] User_Pages initialized.
[2025-04-02 21:54:06] [worker-is] Admin pages added.
[2025-04-02 21:54:06] [worker-is] User pages added.
[2025-04-02 21:54:11] [worker-is] Admin_Pages initialized.
[2025-04-02 21:54:11] [worker-is] User_Pages initialized.
[2025-04-02 21:54:12] [worker-is] Admin pages added.
[2025-04-02 21:54:12] [worker-is] User pages added.
[2025-04-02 21:54:12] [worker-is] Custom role worker_manager removed.
[2025-04-02 21:54:12] [worker-is] Plugin deactivated and custom roles removed.
